<?xml version="1.0" encoding="UTF-8"?>
<!-- Generated by org.testng.reporters.JUnitReportReporter -->
<testsuite ignored="0" hostname="InuKabu" failures="0" tests="1" name="common.testCases" time="0.020" errors="0" timestamp="16 Mar 2021 18:15:07 GMT" skipped="0">
  <testcase classname="common.testCases" name="testthis" time="0.020"/>
</testsuite> <!-- common.testCases -->
